VrPro/Library/Bee/Android/Prj/IL2CPP/Gradle/launcher/build/intermediates/manifest_merge_blame_file/release/manifest-merger-blame-release-report.txt
1<?xml version="1.0" encoding="utf-8"?>
2<manifest xmlns:android="http://schemas.android.com/apk/res/android"
3    package="com.unity.template.vr"
4    android:installLocation="auto"
5    android:versionCode="1"
6    android:versionName="0.1" >
7
8    <uses-sdk
9        android:minSdkVersion="29"
9-->src\main\AndroidManifest.xml
10        android:targetSdkVersion="30" />
10-->src\main\AndroidManifest.xml
11
12    <supports-screens
12-->src\main\AndroidManifest.xml:4:3-163
13        android:anyDensity="true"
13-->src\main\AndroidManifest.xml:4:135-160
14        android:largeScreens="true"
14-->src\main\AndroidManifest.xml:4:78-105
15        android:normalScreens="true"
15-->src\main\AndroidManifest.xml:4:49-77
16        android:smallScreens="true"
16-->src\main\AndroidManifest.xml:4:21-48
17        android:xlargeScreens="true" />
17-->src\main\AndroidManifest.xml:4:106-134
18
19    <uses-feature android:glEsVersion="0x00030000" />
19-->[:unityLibrary] AndroidManifest.xml:8:5-54
19-->[:unityLibrary] AndroidManifest.xml:8:19-51
20    <uses-feature
20-->[:unityLibrary] AndroidManifest.xml:9:5-11:36
21        android:name="android.hardware.vulkan.version"
21-->[:unityLibrary] AndroidManifest.xml:10:9-55
22        android:required="false" />
22-->[:unityLibrary] AndroidManifest.xml:11:9-33
23    <uses-feature
23-->[:unityLibrary] AndroidManifest.xml:12:5-14:36
24        android:name="android.hardware.touchscreen"
24-->[:unityLibrary] AndroidManifest.xml:13:9-52
25        android:required="false" />
25-->[:unityLibrary] AndroidManifest.xml:14:9-33
26    <uses-feature
26-->[:unityLibrary] AndroidManifest.xml:15:5-17:36
27        android:name="android.hardware.touchscreen.multitouch"
27-->[:unityLibrary] AndroidManifest.xml:16:9-63
28        android:required="false" />
28-->[:unityLibrary] AndroidManifest.xml:17:9-33
29    <uses-feature
29-->[:unityLibrary] AndroidManifest.xml:18:5-20:36
30        android:name="android.hardware.touchscreen.multitouch.distinct"
30-->[:unityLibrary] AndroidManifest.xml:19:9-72
31        android:required="false" />
31-->[:unityLibrary] AndroidManifest.xml:20:9-33
32    <uses-feature
32-->[:unityLibrary:xrmanifest.androidlib] AndroidManifest.xml:7:5-10:31
33        android:name="android.hardware.vr.headtracking"
33-->[:unityLibrary:xrmanifest.androidlib] AndroidManifest.xml:8:9-56
34        android:required="true"
34-->[:unityLibrary:xrmanifest.androidlib] AndroidManifest.xml:9:9-32
35        android:version="1" />
35-->[:unityLibrary:xrmanifest.androidlib] AndroidManifest.xml:10:9-28
36
37    <application
37-->src\main\AndroidManifest.xml:3:3-83
38        android:extractNativeLibs="true"
38-->[:unityLibrary] AndroidManifest.xml:22:18-50
39        android:icon="@mipmap/app_icon"
39-->src\main\AndroidManifest.xml:3:49-80
40        android:label="@string/app_name" >
40-->src\main\AndroidManifest.xml:3:16-48
41        <meta-data
41-->[:unityLibrary] AndroidManifest.xml:23:9-25:33
42            android:name="unity.splash-mode"
42-->[:unityLibrary] AndroidManifest.xml:24:13-45
43            android:value="0" />
43-->[:unityLibrary] AndroidManifest.xml:25:13-30
44        <meta-data
44-->[:unityLibrary] AndroidManifest.xml:26:9-28:36
45            android:name="unity.splash-enable"
45-->[:unityLibrary] AndroidManifest.xml:27:13-47
46            android:value="True" />
46-->[:unityLibrary] AndroidManifest.xml:28:13-33
47        <meta-data
47-->[:unityLibrary] AndroidManifest.xml:29:9-31:36
48            android:name="unity.launch-fullscreen"
48-->[:unityLibrary] AndroidManifest.xml:30:13-51
49            android:value="True" />
49-->[:unityLibrary] AndroidManifest.xml:31:13-33
50        <meta-data
50-->[:unityLibrary] AndroidManifest.xml:32:9-34:36
51            android:name="unity.render-outside-safearea"
51-->[:unityLibrary] AndroidManifest.xml:33:13-57
52            android:value="True" />
52-->[:unityLibrary] AndroidManifest.xml:34:13-33
53        <meta-data
53-->[:unityLibrary] AndroidManifest.xml:35:9-37:50
54            android:name="notch.config"
54-->[:unityLibrary] AndroidManifest.xml:36:13-40
55            android:value="portrait|landscape" />
55-->[:unityLibrary] AndroidManifest.xml:37:13-47
56        <meta-data
56-->[:unityLibrary] AndroidManifest.xml:38:9-40:36
57            android:name="unity.auto-report-fully-drawn"
57-->[:unityLibrary] AndroidManifest.xml:39:13-57
58            android:value="true" />
58-->[:unityLibrary] AndroidManifest.xml:40:13-33
59
60        <activity
60-->[:unityLibrary] AndroidManifest.xml:42:9-64:20
61            android:name="com.unity3d.player.UnityPlayerActivity"
61-->[:unityLibrary] AndroidManifest.xml:43:13-66
62            android:configChanges="mcc|mnc|locale|touchscreen|keyboard|keyboardHidden|navigation|orientation|screenLayout|uiMode|screenSize|smallestScreenSize|fontScale|layoutDirection|density"
62-->[:unityLibrary] AndroidManifest.xml:44:13-194
63            android:hardwareAccelerated="false"
63-->[:unityLibrary] AndroidManifest.xml:45:13-48
64            android:launchMode="singleTask"
64-->[:unityLibrary] AndroidManifest.xml:46:13-44
65            android:resizeableActivity="false"
65-->[:unityLibrary] AndroidManifest.xml:47:13-47
66            android:screenOrientation="fullUser"
66-->[:unityLibrary] AndroidManifest.xml:48:13-49
67            android:theme="@style/UnityThemeSelector" >
67-->[:unityLibrary] AndroidManifest.xml:49:13-54
68            <intent-filter>
68-->[:unityLibrary] AndroidManifest.xml:50:13-56:29
69                <category android:name="android.intent.category.LAUNCHER" />
69-->[:unityLibrary] AndroidManifest.xml:51:17-77
69-->[:unityLibrary] AndroidManifest.xml:51:27-74
70
71                <action android:name="android.intent.action.MAIN" />
71-->[:unityLibrary] AndroidManifest.xml:53:17-69
71-->[:unityLibrary] AndroidManifest.xml:53:25-66
72
73                <category android:name="com.oculus.intent.category.VR" />
73-->[:unityLibrary] AndroidManifest.xml:55:17-74
73-->[:unityLibrary] AndroidManifest.xml:55:27-71
74            </intent-filter>
75
76            <meta-data
76-->[:unityLibrary] AndroidManifest.xml:58:13-60:40
77                android:name="unityplayer.UnityActivity"
77-->[:unityLibrary] AndroidManifest.xml:59:17-57
78                android:value="true" />
78-->[:unityLibrary] AndroidManifest.xml:60:17-37
79            <meta-data
79-->[:unityLibrary] AndroidManifest.xml:61:13-63:40
80                android:name="notch_support"
80-->[:unityLibrary] AndroidManifest.xml:62:17-45
81                android:value="true" />
81-->[:unityLibrary] AndroidManifest.xml:63:17-37
82            <meta-data
82-->[:unityLibrary:xrmanifest.androidlib] AndroidManifest.xml:14:13-16:40
83                android:name="com.oculus.vr.focusaware"
83-->[:unityLibrary:xrmanifest.androidlib] AndroidManifest.xml:15:17-56
84                android:value="true" />
84-->[:unityLibrary:xrmanifest.androidlib] AndroidManifest.xml:16:17-37
85        </activity>
86
87        <meta-data
87-->[:unityLibrary:xrmanifest.androidlib] AndroidManifest.xml:19:9-21:59
88            android:name="com.oculus.supportedDevices"
88-->[:unityLibrary:xrmanifest.androidlib] AndroidManifest.xml:20:13-55
89            android:value="quest|quest2|cambria|eureka" />
89-->[:unityLibrary:xrmanifest.androidlib] AndroidManifest.xml:21:13-56
90    </application>
91
92</manifest>